Program: 
  StmtList: 
    DclStmt: 
      Decl: 
        ID: i (at line: 4)
        Mode: 
          DiscreteMode: int (at line: 4)
      Decl: 
        ID: b (at line: 4)
        Mode: 
          DiscreteMode: bool (at line: 4)
        Expr: 
          Constant: true, bool (at line: 4)
    ActionStmt: 
      ID: x (at line: 5)
      DoAction: 
        Control: 
          WhileControl: 
            BoolExpr: 
              Expr: 
                ID: b (at line: 6)
        ActionStmt: 
          Call: 
            Func: read
            Param: 
              Expr: 
                ID: i (at line: 7)
        ActionStmt: 
          IfAction: 
            BoolExpr: 
              Expr: 
                Binop: <= (at line: 8)
                  ID: i (at line: 8)
                  Constant: 0, int (at line: 8)
            ThenClause: 
              ActionStmt: 
                Exit: 
                  ID: x (at line: 9)
        ActionStmt: 
          Call: 
            Func: print
            Param: 
              Expr: 
                Binop: * (at line: 11)
                  ID: i (at line: 11)
                  ID: i (at line: 11)
    ActionStmt: 
      Call: 
        Func: print
        Param: 
          Expr: 
            Constant: 0, int (at line: 14)
<lyasem.ExprType object at 0x10130bd30>
<lyasem.ExprType object at 0x10130bd30>
<lyasem.ExprType object at 0x10130bd30>
<lyasem.ExprType object at 0x10130bd30>
Program {'string': <lyasem.ExprType object at 0x10130be10>, 'i': {'number': 0, 'scope': 0, 'node': <lyaparser.Decl object at 0x101360668>, 'type': None}, 'b': {'number': 1, 'scope': 0, 'node': <lyaparser.Decl object at 0x103654240>, 'type': None}, 'bool': <lyasem.ExprType object at 0x1013606a0>, 'int': <lyasem.ExprType object at 0x10130bd30>, 'char': <lyasem.ExprType object at 0x10130bda0>}
[
    ('stp'),
    ('alc', 2),
    ('ldc', 1),
    ('stv', 0, 1),
    ('lbl', 2),
    ('ldv', 0, 1),
    ('jof', 3),
    ('rdv'),
    ('stv', 0, 0),
    ('ldv', 0, 0),
    ('ldc', 0),
    ('leq'),
    ('jof', 4),
    ('jmp', 1),
    ('lbl', 4),
    ('ldv', 0, 0),
    ('ldv', 0, 0),
    ('mul'),
    ('prv'),
    ('jmp', 2),
    ('lbl', 3),
    ('lbl', 1),
    ('ldc', 0),
    ('prv'),
    ('dlc', 2),
    ('end'),
]

