Program: 
  StmtList: 
    DclStmt: 
      Decl: 
        ID: m (at line: 4)
        Mode: 
          DiscreteMode: int (at line: 4)
        Expr: 
          Constant: 2, int (at line: 4)
      Decl: 
        ID: n (at line: 4)
        Mode: 
          DiscreteMode: int (at line: 4)
        Expr: 
          Constant: 3, int (at line: 4)
    ProcStmt: 
      ID: p (at line: 5)
      ProcDef:  (at line: 5)
        FormalParam: 
          ID: x (at line: 5)
          ID: y (at line: 5)
          ParamSpec: None
            Mode: 
              DiscreteMode: int (at line: 5)
        FormalParam: 
          ID: b (at line: 5)
          ParamSpec: None
            Mode: 
              DiscreteMode: bool (at line: 5)
        Returns: 
          ParamSpec: None
            Mode: 
              DiscreteMode: int (at line: 5)
        StmtList: 
          DclStmt: 
            Decl: 
              ID: s (at line: 6)
              Mode: 
                DiscreteMode: int (at line: 6)
              Expr: 
                ID: x (at line: 6)
          ActionStmt: 
            IfAction: 
              BoolExpr: 
                Expr: 
                  ID: b (at line: 7)
              ThenClause: 
                ActionStmt: 
                  Assignment: ['+', '=']
                    ID: s (at line: 8)
                    Expr: 
                      ID: y (at line: 8)
                ActionStmt: 
                  Result: 
                    Expr: 
                      ID: s (at line: 9)
              ElseClause: 
                ActionStmt: 
                  Result: 
                    Expr: 
                      ID: y (at line: 11)
    DclStmt: 
      Decl: 
        ID: b (at line: 16)
        Mode: 
          DiscreteMode: bool (at line: 16)
    ActionStmt: 
      Call: 
        Func: read
        Param: 
          Expr: 
            ID: b (at line: 17)
    ActionStmt: 
      Call: 
        Func: print
        Param: 
          Expr: 
            ProcCall: 
              ID: p (at line: 18)
              Param: 
                Expr: 
                  ID: m (at line: 18)
                Expr: 
                  ID: n (at line: 18)
                Expr: 
                  ID: b (at line: 18)
defaultdict(<class 'int'>, {'x': '-2', 'b': '-4', '_ret': '-5', 'y': '-3', 'n': '1', 'm': '0'})
ProcStmt {'p': {0: None, 1: None, 2: None, '_ret': None}}
{0: None, 1: None, 2: None, '_ret': None}
    [,
    ('stp'),
    ('alc', 3),
    ('ldc', 2),
    ('stv', 0, 0),
    ('ldc', 3),
    ('stv', 0, 1),
    ('jmp', 3),
    ('lbl', 1),
    ('enf', 1),
    ('alc', 1),
    ('ldv', 1, -2),
    ('stv', 1, 0),
    ('ldv', 1, -4),
    ('jof', 4),
    ('ldv', 1, -3),
    ('ldv', 1, 0),
    ('add'),
    ('stv', 1, 0),
    ('ldv', 1, 0),
    ('stv', 1, -5),
    ('jmp', 5),
    ('lbl', 4),
    ('ldv', 1, -3),
    ('stv', 1, -5),
    ('lbl', 5),
    ('lbl', 2),
    ('dlc', 1),
    ('ret', 1, 1),
    ('lbl', 3),
    ('rdv'),
    ('stv', 0, 2),
    ('ldv', 0, 2),
    ('ldv', 0, 1),
    ('ldv', 0, 0),
    ('cfu', 1),
    ('prv'),
    ('dlc', 3),
    ('end'),
    ],

