Program: 
  StmtList: 
    DclStmt: 
      Decl: 
        ID: i (at line: 3)
        Mode: 
          DiscreteMode: int (at line: 3)
    DclStmt: 
      Decl: 
        ID: soma (at line: 4)
        Mode: 
          DiscreteMode: int (at line: 4)
        Expr: 
          Constant: 0, int (at line: 4)
      Decl: 
        ID: b (at line: 4)
        Mode: 
          DiscreteMode: bool (at line: 4)
        Expr: 
          Constant: true, bool (at line: 4)
    ActionStmt: 
      DoAction: 
        Control: 
          ForControl: 
            StepEnum: =
              ID: i (at line: 6)
              Expr: 
                Constant: 1, int (at line: 6)
              Expr: 
                Constant: 10, int (at line: 6)
          WhileControl: 
            BoolExpr: 
              Expr: 
                ID: b (at line: 6)
        ActionStmt: 
          Assignment: ['+', '=']
            ID: soma (at line: 7)
            Expr: 
              ID: i (at line: 7)
        ActionStmt: 
          IfAction: 
            BoolExpr: 
              Expr: 
                Binop: > (at line: 8)
                  ID: soma (at line: 8)
                  Constant: 100, int (at line: 8)
            ThenClause: 
              ActionStmt: 
                Assignment: =
                  ID: b (at line: 9)
                  Expr: 
                    Constant: false, bool (at line: 9)
    ActionStmt: 
      Call: 
        Func: print
        Param: 
          Expr: 
            ID: soma (at line: 13)
    [,
    ('stp'),
    ('alc', 3),
    ('ldc', 0),
    ('stv', 0, 1),
    ('ldc', true),
    ('stv', 0, 2),
    ('ldc', 1),
    ('stv', 0, 0),
    ('lbl', 1),
    ('ldv', 0, 2),
    ('jof', 2),
    ('ldv', 0, 0),
    ('ldv', 0, 1),
    ('add'),
    ('stv', 0, 1),
    ('ldv', 0, 1),
    ('ldc', 100),
    ('grt'),
    ('jof', 3),
    ('ldc', false),
    ('stv', 0, 2),
    ('lbl', 3),
    ('ldv', 0, 0),
    ('ldc', 1),
    ('add'),
    ('stv', 0, 0),
    ('ldv', 0, 0),
    ('ldc', 10),
    ('leq'),
    ('jof', 2),
    ('jmp', 1),
    ('lbl', 2),
    ('ldv', 0, 1),
    ('prv'),
    ('dlc', 3),
    ('end'),
    ],

