Program: 
  StmtList: 
    DclStmt: 
      Decl: 
        ID: i (at line: 3)
        Mode: 
          DiscreteMode: int (at line: 3)
      Decl: 
        ID: j (at line: 3)
        ID: k (at line: 3)
        Mode: 
          DiscreteMode: int (at line: 3)
        Expr: 
          Constant: 2, int (at line: 3)
    ProcStmt: 
      ID: p (at line: 5)
      ProcDef:  (at line: 5)
        FormalParam: 
          ID: x (at line: 5)
          ParamSpec: None
            Mode: 
              DiscreteMode: int (at line: 5)
        FormalParam: 
          ID: y (at line: 5)
          ParamSpec: loc
            Mode: 
              DiscreteMode: int (at line: 5)
        Returns: 
          ParamSpec: loc
            Mode: 
              DiscreteMode: int (at line: 5)
        StmtList: 
          DclStmt: 
            Decl: 
              ID: z (at line: 6)
              Mode: 
                DiscreteMode: int (at line: 6)
              Expr: 
                ID: y (at line: 6)
          ActionStmt: 
            Assignment: =
              ID: y (at line: 7)
              Expr: 
                ID: x (at line: 7)
          ActionStmt: 
            Result: 
              Expr: 
                ID: k (at line: 8)
          ActionStmt: 
            Call: 
              Func: print
              Param: 
                Expr: 
                  ID: z (at line: 9)
    ActionStmt: 
      Assignment: =
        ID: i (at line: 13)
        Expr: 
          ProcCall: 
            ID: p (at line: 13)
            Param: 
              Expr: 
                Constant: 3, int (at line: 13)
              Expr: 
                ID: j (at line: 13)
    ActionStmt: 
      Call: 
        Func: print
        Param: 
          Expr: 
            ID: i (at line: 14)
          Expr: 
            ID: j (at line: 14)
defaultdict(<class 'int'>, {'i': '0', 'x': '-3', 'y': '-4', 'k': '2', 'j': '1', '_ret': '-5'})
ProcStmt {'p': {0: None, 1: 'loc', '_ret': 'loc'}}
{0: None, 1: 'loc', '_ret': 'loc'}
loc
    [,
    ('stp'),
    ('alc', 3),
    ('ldc', 2),
    ('stv', 0, 1),
    ('ldc', 2),
    ('stv', 0, 2),
    ('jmp', 3),
    ('lbl', 1),
    ('enf', 1),
    ('alc', 1),
    ('lrv', 1, -4),
    ('stv', 1, 0),
    ('ldv', 1, -3),
    ('srv', 1, -4),
    ('ldr', 0, 2),
    ('stv', 1, -5),
    ('ldv', 1, 0),
    ('prv'),
    ('lbl', 2),
    ('dlc', 1),
    ('ret', 1, 1),
    ('lbl', 3),
    ('ldr', 0, 1),
    ('ldc', 3),
    ('cfu', 1),
    ('srv', 0, 0),
    ('ldv', 0, 0),
    ('prv'),
    ('ldv', 0, 1),
    ('prv'),
    ('dlc', 3),
    ('end'),
    ],

