Program: 
  StmtList: 
    DclStmt: 
      Decl: 
        ID: x (at line: 2)
        ID: y (at line: 2)
        Mode: 
          DiscreteMode: int (at line: 2)
    ProcStmt: 
      ID: p (at line: 4)
      ProcDef:  (at line: 4)
        FormalParam: 
          ID: b (at line: 4)
          ParamSpec: None
            Mode: 
              DiscreteMode: bool (at line: 4)
        Returns: 
          ParamSpec: loc
            Mode: 
              DiscreteMode: int (at line: 4)
        StmtList: 
          ActionStmt: 
            IfAction: 
              BoolExpr: 
                Expr: 
                  ID: b (at line: 5)
              ThenClause: 
                ActionStmt: 
                  Result: 
                    Expr: 
                      ID: x (at line: 6)
              ElseClause: 
                ActionStmt: 
                  Result: 
                    Expr: 
                      ID: y (at line: 8)
    DclStmt: 
      Decl: 
        ID: b (at line: 12)
        Mode: 
          DiscreteMode: bool (at line: 12)
        Expr: 
          Constant: false, bool (at line: 12)
    ActionStmt: 
      Assignment: =
        ProcCall: 
          ID: p (at line: 13)
          Param: 
            Expr: 
              ID: b (at line: 13)
        Expr: 
          Constant: 20, int (at line: 13)
    ActionStmt: 
      Assignment: =
        ProcCall: 
          ID: p (at line: 14)
          Param: 
            Expr: 
              Constant: true, bool (at line: 14)
        Expr: 
          Constant: 10, int (at line: 14)
    ActionStmt: 
      Call: 
        Func: print
        Param: 
          Expr: 
            ID: x (at line: 15)
          Expr: 
            ID: y (at line: 15)
<lyaparser.ProcCall object at 0x1036547b8>
<lyaparser.ProcCall object at 0x103654e48>
{0: None, '_ret': 'loc'}
{0: None, '_ret': 'loc'}
Program {'bool': <lyasem.ExprType object at 0x103654d30>, 'x': {'node': <lyaparser.Decl object at 0x1036549b0>, 'type': None, 'scope': 0, 'number': 0}, 'y': {'node': <lyaparser.Decl object at 0x1036549b0>, 'type': None, 'scope': 0, 'number': 1}, 'p': {'node': <lyaparser.ProcStmt object at 0x1036541d0>, 'type': None, 'scope': 1, 'number': None}, 'b': {'node': <lyaparser.Decl object at 0x103654240>, 'type': None, 'scope': 0, 'number': 2}, 'string': <lyasem.ExprType object at 0x10140ae10>, 'int': <lyasem.ExprType object at 0x10140ad30>, 'char': <lyasem.ExprType object at 0x10140ada0>}
[
    ('stp'),
    ('alc', 3),
    ('jmp', 3),
    ('lbl', 1),
    ('enf', 1),
    ('ldv', 1, -3),
    ('jof', 4),
    ('ldr', 0, 0),
    ('stv', 1, -4),
    ('jmp', 5),
    ('lbl', 4),
    ('ldr', 0, 1),
    ('stv', 1, -4),
    ('lbl', 5),
    ('lbl', 2),
    ('ret', 1, 1),
    ('lbl', 3),
    ('ldc', 0),
    ('stv', 0, 2),
    ('alc', 1),
    ('ldv', 0, 2),
    ('cfu', 1),
    ('ldc', 20),
    ('smv', 1),
    ('alc', 1),
    ('ldc', 1),
    ('cfu', 1),
    ('ldc', 10),
    ('smv', 1),
    ('ldv', 0, 0),
    ('prv'),
    ('ldv', 0, 1),
    ('prv'),
    ('dlc', 3),
    ('end'),
]

